[DEBUG_310455] {"sessionId": "310455", "runId": "pre-fix", "hypothesisId": "A_D", "location": "coco_pose_dataset.py:316 __getitem__", "message": "dataset config snapshot (first __getitem__ per worker)", "data": {"self.sigma": 2.0, "self.heatmap_size": [64, 48], "self.input_size": [256, 192], "hm_h": 64, "hm_w": 48, "fx": 0.25, "fy": 0.25, "is_train": true, "num_records": 127241}, "pid": 2298900, "timestamp": 1776908227549}[DEBUG_310455] {"sessionId": "310455", "runId": "pre-fix", "hypothesisId": "A_D", "location": "coco_pose_dataset.py:316 __getitem__", "message": "dataset config snapshot (first __getitem__ per worker)", "data": {"self.sigma": 2.0, "self.heatmap_size": [64, 48], "self.input_size": [256, 192], "hm_h": 64, "hm_w": 48, "fx": 0.25, "fy": 0.25, "is_train": true, "num_records": 127241}, "pid": 2298648, "timestamp": 1776908227549}
[DEBUG_310455] {"sessionId": "310455", "runId": "pre-fix", "hypothesisId": "A_D", "location": "coco_pose_dataset.py:316 __getitem__", "message": "dataset config snapshot (first __getitem__ per worker)", "data": {"self.sigma": 2.0, "self.heatmap_size": [64, 48], "self.input_size": [256, 192], "hm_h": 64, "hm_w": 48, "fx": 0.25, "fy": 0.25, "is_train": true, "num_records": 127241}, "pid": 2298837, "timestamp": 1776908227549}

[DEBUG_310455] {"sessionId": "310455", "runId": "pre-fix", "hypothesisId": "A_D", "location": "coco_pose_dataset.py:316 __getitem__", "message": "dataset config snapshot (first __getitem__ per worker)", "data": {"self.sigma": 2.0, "self.heatmap_size": [64, 48], "self.input_size": [256, 192], "hm_h": 64, "hm_w": 48, "fx": 0.25, "fy": 0.25, "is_train": true, "num_records": 127241}, "pid": 2298774, "timestamp": 1776908227550}
[DEBUG_310455] {"sessionId": "310455", "runId": "pre-fix", "hypothesisId": "A_D", "location": "coco_pose_dataset.py:316 __getitem__", "message": "dataset config snapshot (first __getitem__ per worker)", "data": {"self.sigma": 2.0, "self.heatmap_size": [64, 48], "self.input_size": [256, 192], "hm_h": 64, "hm_w": 48, "fx": 0.25, "fy": 0.25, "is_train": true, "num_records": 127241}, "pid": 2298711, "timestamp": 1776908227554}
[DEBUG_310455] {"sessionId": "310455", "runId": "pre-fix", "hypothesisId": "A_D", "location": "coco_pose_dataset.py:316 __getitem__", "message": "dataset config snapshot (first __getitem__ per worker)", "data": {"self.sigma": 2.0, "self.heatmap_size": [64, 48], "self.input_size": [256, 192], "hm_h": 64, "hm_w": 48, "fx": 0.25, "fy": 0.25, "is_train": true, "num_records": 127241}, "pid": 2298585, "timestamp": 1776908227555}
[ WARN:0@49.028] global loadsave.cpp:278 findDecoder imread_('data/raw_frames/aistpp/gHO_sFM_c01_d21_mHO5_ch20/gHO_sFM_c01_d21_mHO5_ch20_001704.jpg'): can't open/read file: check file path/integrity
[ WARN:0@97.910] global loadsave.cpp:278 findDecoder imread_('data/raw_frames/aistpp/gHO_sFM_c01_d21_mHO3_ch18/gHO_sFM_c01_d21_mHO3_ch18_001840.jpg'): can't open/read file: check file path/integrity
[DEBUG_310455] {"sessionId": "310455", "runId": "pre-fix", "hypothesisId": "A_B_C_D_E", "location": "coco_pose_dataset.py:121", "message": "heatmap slice shape mismatch about to crash", "data": {"j": 9, "mu_x": 34.66301345825195, "mu_y": 28.999998092651367, "ul": [28, 22], "br": [41, 36], "H": 64, "W": 48, "sigma": 2.0, "tmp_size": 6.0, "size": 13, "g_shape": [13, 13], "g_x_lo": 0, "g_x_hi": 13, "g_y_lo": 0, "g_y_hi": 14, "img_x_lo": 28, "img_x_hi": 41, "img_y_lo": 22, "img_y_hi": 36, "computed_src_shape": [14, 13], "actual_src_shape": [13, 13], "dst_shape": [14, 13], "joints_xy_row": [34.66301345825195, 28.999998092651367], "target_visibility_j": 1.0}, "pid": 2298648, "timestamp": 1776908331234}
[DEBUG_310455] {"sessionId": "310455", "runId": "pre-fix", "hypothesisId": "A_B_C_D_E", "location": "coco_pose_dataset.py:316 __getitem__", "message": "gaussian_heatmap raised ValueError; dumping sample context", "data": {"image_path": "data/raw_frames/aistpp/gLH_sBM_c01_d16_mLH2_ch10/gLH_sBM_c01_d16_mLH2_ch10_000096.jpg", "idx": 63926, "kps_hm": [[26.738500595092773, 16.561521530151367], [27.440673828125, 15.959659576416016], [25.735397338867188, 15.759038925170898], [28.243154525756836, 16.36090087890625], [24.431364059448242, 16.160280227661133], [28.845016479492188, 20.67424201965332], [21.82329559326172, 19.570829391479492], [31.051843643188477, 26.2916202545166], [18.21212387084961, 24.686655044555664], [34.66301345825195, 28.999998092651367], [15.403435707092285, 27.99689483642578], [27.641292572021484, 32.20992660522461], [22.72608757019043, 32.20992660522461], [27.641292572021484, 40.635990142822266], [23.127328872680664, 40.335060119628906], [26.537879943847656, 48.4601936340332], [23.5285701751709, 48.05895233154297]], "vis": [1.0, 1.0, 1.0, 1.0, 1.0, 1.0, 1.0, 1.0, 1.0, 1.0, 1.0, 1.0, 1.0, 1.0, 1.0, 1.0, 1.0], "center": [951.69970703125, 650.9072265625], "scale": [1.9865624904632568, 2.648750066757202], "scale_mul": 1.2043799419987342, "rot_deg": 0.0, "heatmap_size": [64, 48], "input_size": [256, 192], "sigma": 2.0}, "pid": 2298648, "timestamp": 1776908331234}
Traceback (most recent call last):
  File "<frozen runpy>", line 198, in _run_module_as_main
  File "<frozen runpy>", line 88, in _run_code
  File "/oscar/scratch/mwang264/projects/CV_Tool_for_Dance_Choreography_Practice/src/train/train_pose.py", line 127, in <module>
    main()
  File "/oscar/scratch/mwang264/projects/CV_Tool_for_Dance_Choreography_Practice/src/train/train_pose.py", line 105, in main
    train_stats = train_one_epoch(ctx, train_loader, epoch)
                  ^^^^^^^^^^^^^^^^^^^^^^^^^^^^^^^^^^^^^^^^^
  File "/oscar/scratch/mwang264/projects/CV_Tool_for_Dance_Choreography_Practice/src/train/engine.py", line 198, in train_one_epoch
    for step, batch in enumerate(loader):
  File "/users/mwang264/.conda/envs/dance-cv/lib/python3.11/site-packages/torch/utils/data/dataloader.py", line 701, in __next__
    data = self._next_data()
           ^^^^^^^^^^^^^^^^^
  File "/users/mwang264/.conda/envs/dance-cv/lib/python3.11/site-packages/torch/utils/data/dataloader.py", line 1465, in _next_data
    return self._process_data(data)
           ^^^^^^^^^^^^^^^^^^^^^^^^
  File "/users/mwang264/.conda/envs/dance-cv/lib/python3.11/site-packages/torch/utils/data/dataloader.py", line 1491, in _process_data
    data.reraise()
  File "/users/mwang264/.conda/envs/dance-cv/lib/python3.11/site-packages/torch/_utils.py", line 715, in reraise
    raise exception
ValueError: Caught ValueError in DataLoader worker process 1.
Original Traceback (most recent call last):
  File "/users/mwang264/.conda/envs/dance-cv/lib/python3.11/site-packages/torch/utils/data/_utils/worker.py", line 351, in _worker_loop
    data = fetcher.fetch(index)  # type: ignore[possibly-undefined]
           ^^^^^^^^^^^^^^^^^^^^
  File "/users/mwang264/.conda/envs/dance-cv/lib/python3.11/site-packages/torch/utils/data/_utils/fetch.py", line 52, in fetch
    data = [self.dataset[idx] for idx in possibly_batched_index]
           ^^^^^^^^^^^^^^^^^^^^^^^^^^^^^^^^^^^^^^^^^^^^^^^^^^^^^
  File "/users/mwang264/.conda/envs/dance-cv/lib/python3.11/site-packages/torch/utils/data/_utils/fetch.py", line 52, in <listcomp>
    data = [self.dataset[idx] for idx in possibly_batched_index]
            ~~~~~~~~~~~~^^^^^
  File "/oscar/scratch/mwang264/projects/CV_Tool_for_Dance_Choreography_Practice/src/train/engine.py", line 40, in __getitem__
    sample = self._inner[idx]
             ~~~~~~~~~~~^^^^^
  File "/oscar/scratch/mwang264/projects/CV_Tool_for_Dance_Choreography_Practice/src/datasets/mixed_pose_dataset.py", line 76, in __getitem__
    item = src.dataset[inner]
           ~~~~~~~~~~~^^^^^^^
  File "/oscar/scratch/mwang264/projects/CV_Tool_for_Dance_Choreography_Practice/src/datasets/coco_pose_dataset.py", line 411, in __getitem__
    heatmaps, weights = gaussian_heatmap(kps_hm, vis, self.heatmap_size, sigma=self.sigma)
                        ^^^^^^^^^^^^^^^^^^^^^^^^^^^^^^^^^^^^^^^^^^^^^^^^^^^^^^^^^^^^^^^^^^
  File "/oscar/scratch/mwang264/projects/CV_Tool_for_Dance_Choreography_Practice/src/datasets/coco_pose_dataset.py", line 197, in gaussian_heatmap
    heatmaps[j, img_y_lo:img_y_hi, img_x_lo:img_x_hi] = g[g_y_lo:g_y_hi, g_x_lo:g_x_hi]
    ~~~~~~~~^^^^^^^^^^^^^^^^^^^^^^^^^^^^^^^^^^^^^^^^^
ValueError: could not broadcast input array from shape (13,13) into shape (14,13)

srun: error: gpu2103: task 0: Exited with exit code 1
