## SLURM PROLOG ###############################################################
##    Job ID : 1872953
##  Job Name : cv_dance_detector
##  Nodelist : gpu2107
##      CPUs : 1
##  Mem/Node : 32768 MB
## Directory : /oscar/home/mwang264/CV_Tool_for_Dance_Choreography_Practice
##   Job Started : Fri Apr 24 12:47:16 AM EDT 2026
###############################################################################
==============================================================
job:        cv_dance_detector (1872953)
node:       gpu2107.oscar.ccv.brown.edu
cwd:        /oscar/home/mwang264/CV_Tool_for_Dance_Choreography_Practice
cfg:        configs/train/train_detector.yaml
cpus/task:  8
gpus:       1 (gres=?)
extra:      --max-items 256 --smoke-steps 100
==============================================================
Fri Apr 24 00:47:18 2026       
+-----------------------------------------------------------------------------------------+
| NVIDIA-SMI 575.57.08              Driver Version: 575.57.08      CUDA Version: 12.9     |
|-----------------------------------------+------------------------+----------------------+
| GPU  Name                 Persistence-M | Bus-Id          Disp.A | Volatile Uncorr. ECC |
| Fan  Temp   Perf          Pwr:Usage/Cap |           Memory-Usage | GPU-Util  Compute M. |
|                                         |                        |               MIG M. |
|=========================================+========================+======================|
|   0  NVIDIA GeForce RTX 3090        On  |   00000000:E1:00.0 Off |                  N/A |
| 39%   36C    P8             29W /  350W |      17MiB /  24576MiB |      0%      Default |
|                                         |                        |                  N/A |
+-----------------------------------------+------------------------+----------------------+
                                                                                         
+-----------------------------------------------------------------------------------------+
| Processes:                                                                              |
|  GPU   GI   CI              PID   Type   Process name                        GPU Memory |
|        ID   ID                                                               Usage      |
|=========================================================================================|
|    0   N/A  N/A          157948      G   /usr/libexec/Xorg                         5MiB |
+-----------------------------------------------------------------------------------------+
python: 3.11.15
torch:  2.5.1+cu121
cuda:   True NVIDIA GeForce RTX 3090
==============================================================
