## SLURM PROLOG ###############################################################
##    Job ID : 1861583
##  Job Name : cv_dance_train
##  Nodelist : gpu3005
##      CPUs : 1
##  Mem/Node : 32768 MB
## Directory : /oscar/home/mwang264/CV_Tool_for_Dance_Choreography_Practice
##   Job Started : Thu Apr 23 03:56:56 PM EDT 2026
###############################################################################
==============================================================
job:        cv_dance_train (1861583)
node:       gpu3005.oscar.ccv.brown.edu
cwd:        /oscar/home/mwang264/CV_Tool_for_Dance_Choreography_Practice
cfg:        configs/train/train.yaml
cpus/task:  8
gpus:       1 (gres=?)
==============================================================
Thu Apr 23 15:56:57 2026       
+-----------------------------------------------------------------------------------------+
| NVIDIA-SMI 575.57.08              Driver Version: 575.57.08      CUDA Version: 12.9     |
|-----------------------------------------+------------------------+----------------------+
| GPU  Name                 Persistence-M | Bus-Id          Disp.A | Volatile Uncorr. ECC |
| Fan  Temp   Perf          Pwr:Usage/Cap |           Memory-Usage | GPU-Util  Compute M. |
|                                         |                        |               MIG M. |
|=========================================+========================+======================|
|   0  NVIDIA L40S                    On  |   00000000:01:00.0 Off |                    0 |
| N/A   29C    P8             31W /  350W |      74MiB /  46068MiB |      0%      Default |
|                                         |                        |                  N/A |
+-----------------------------------------+------------------------+----------------------+
                                                                                         
+-----------------------------------------------------------------------------------------+
| Processes:                                                                              |
|  GPU   GI   CI              PID   Type   Process name                        GPU Memory |
|        ID   ID                                                               Usage      |
|=========================================================================================|
|    0   N/A  N/A          181860      G   /usr/libexec/Xorg                        64MiB |
+-----------------------------------------------------------------------------------------+
python: 3.11.15
torch:  2.5.1+cu121
cuda:   True NVIDIA L40S
==============================================================
